Pig Stack Trace
---------------
ERROR 1200: Pig script failed to parse: 
<file h1b8.pig, line 43, column 27> Undefined alias: h1b_union_1

org.apache.pig.impl.logicalLayer.FrontendException: ERROR 1000: Error during parsing. Pig script failed to parse: 
<file h1b8.pig, line 43, column 27> Undefined alias: h1b_union_1
	at org.apache.pig.PigServer$Graph.parseQuery(PigServer.java:1725)
	at org.apache.pig.PigServer$Graph.access$000(PigServer.java:1420)
	at org.apache.pig.PigServer.parseAndBuild(PigServer.java:364)
	at org.apache.pig.PigServer.executeBatch(PigServer.java:389)
	at org.apache.pig.PigServer.executeBatch(PigServer.java:375)
	at org.apache.pig.tools.grunt.GruntParser.executeBatch(GruntParser.java:170)
	at org.apache.pig.tools.grunt.GruntParser.parseStopOnError(GruntParser.java:232)
	at org.apache.pig.tools.grunt.GruntParser.parseStopOnError(GruntParser.java:203)
	at org.apache.pig.tools.grunt.Grunt.exec(Grunt.java:81)
	at org.apache.pig.Main.run(Main.java:608)
	at org.apache.pig.Main.main(Main.java:156)
	at sun.reflect.NativeMethodAccessorImpl.invoke0(Native Method)
	at sun.reflect.NativeMethodAccessorImpl.invoke(NativeMethodAccessorImpl.java:62)
	at sun.reflect.DelegatingMethodAccessorImpl.invoke(DelegatingMethodAccessorImpl.java:43)
	at java.lang.reflect.Method.invoke(Method.java:498)
	at org.apache.hadoop.util.RunJar.run(RunJar.java:221)
	at org.apache.hadoop.util.RunJar.main(RunJar.java:136)
Caused by: Failed to parse: Pig script failed to parse: 
<file h1b8.pig, line 43, column 27> Undefined alias: h1b_union_1
	at org.apache.pig.parser.QueryParserDriver.parse(QueryParserDriver.java:196)
	at org.apache.pig.PigServer$Graph.parseQuery(PigServer.java:1712)
	... 16 more
Caused by: 
<file h1b8.pig, line 43, column 27> Undefined alias: h1b_union_1
	at org.apache.pig.parser.AstValidator.validateAliasRef(AstValidator.java:278)
	at org.apache.pig.parser.AstValidator.rel(AstValidator.java:6526)
	at org.apache.pig.parser.AstValidator.order_clause(AstValidator.java:12044)
	at org.apache.pig.parser.AstValidator.op_clause(AstValidator.java:1763)
	at org.apache.pig.parser.AstValidator.rel(AstValidator.java:6562)
	at org.apache.pig.parser.AstValidator.limit_clause(AstValidator.java:11053)
	at org.apache.pig.parser.AstValidator.op_clause(AstValidator.java:1723)
	at org.apache.pig.parser.AstValidator.general_statement(AstValidator.java:1035)
	at org.apache.pig.parser.AstValidator.statement(AstValidator.java:499)
	at org.apache.pig.parser.AstValidator.query(AstValidator.java:373)
	at org.apache.pig.parser.QueryParserDriver.validateAst(QueryParserDriver.java:255)
	at org.apache.pig.parser.QueryParserDriver.parse(QueryParserDriver.java:183)
	... 17 more
================================================================================
